[2017-05-19 22:15:59.665][debug][command:null][tid:01][com.facebook.buck.cli.Main] Starting up (build date 2017-05-19 16:47:34 -0700, rev 11cde28db498b3bd979a053bc16b709b34fb9998), args: []
[2017-05-19 22:15:59.667][debug][command:null][tid:01][com.facebook.buck.cli.Main] System properties: {java.vendor=Oracle Corporation, sun.java.launcher=SUN_STANDARD, sun.management.compiler=HotSpot 64-Bit Tiered Compilers, os.name=Mac OS X, buck.enable_objc=true, sun.boot.class.path=/Library/Java/JavaVirtualMachines/jdk1.8.0_131.jdk/Contents/Home/jre/lib/resources.jar:/Library/Java/JavaVirtualMachines/jdk1.8.0_131.jdk/Contents/Home/jre/lib/rt.jar:/Library/Java/JavaVirtualMachines/jdk1.8.0_131.jdk/Contents/Home/jre/lib/sunrsasign.jar:/Library/Java/JavaVirtualMachines/jdk1.8.0_131.jdk/Contents/Home/jre/lib/jsse.jar:/Library/Java/JavaVirtualMachines/jdk1.8.0_131.jdk/Contents/Home/jre/lib/jce.jar:/Library/Java/JavaVirtualMachines/jdk1.8.0_131.jdk/Contents/Home/jre/lib/charsets.jar:/Library/Java/JavaVirtualMachines/jdk1.8.0_131.jdk/Contents/Home/jre/lib/jfr.jar:/Library/Java/JavaVirtualMachines/jdk1.8.0_131.jdk/Contents/Home/jre/classes, java.vm.specification.vendor=Oracle Corporation, java.runtime.version=1.8.0_131-b11, buck.path_to_intellij_py=/Users/dsyang/buck/src/com/facebook/buck/ide/intellij/deprecated/intellij.py, buck.testrunner_classes=/Users/dsyang/buck/build/testrunner/classes, buck.logging_config_file=/Users/dsyang/buck/config/logging.properties.st, buck.path_to_sh_binary_template=/Users/dsyang/buck/src/com/facebook/buck/shell/sh_binary_template, user.name=dsyang, buck.path_to_pywatchman=/Users/dsyang/buck/third-party/py/pywatchman, buck.report_generator_jar=/Users/dsyang/buck/build/report-generator.jar, buck.git_commit=11cde28db498b3bd979a053bc16b709b34fb9998, user.language=en, sun.boot.library.path=/Library/Java/JavaVirtualMachines/jdk1.8.0_131.jdk/Contents/Home/jre/lib, java.version=1.8.0_131, user.timezone=America/Los_Angeles, buck.test_util_no_tests_dir=true, sun.arch.data.model=64, java.endorsed.dirs=/Library/Java/JavaVirtualMachines/jdk1.8.0_131.jdk/Contents/Home/jre/lib/endorsed, sun.cpu.isalist=, sun.jnu.encoding=UTF-8, file.encoding.pkg=sun.io, file.separator=/, java.specification.name=Java Platform API Specification, buck.jacoco_agent_jar=/Users/dsyang/buck/third-party/java/jacoco/jacocoagent.jar, java.class.version=52.0, user.country=US, java.home=/Library/Java/JavaVirtualMachines/jdk1.8.0_131.jdk/Contents/Home/jre, java.vm.info=mixed mode, os.version=10.12.4, buck.path_to_static_content=/Users/dsyang/buck/webserver/static, buck.version_uid=11cde28db498b3bd979a053bc16b709b34fb9998, org.eclipse.jetty.util.log.class=org.eclipse.jetty.util.log.JavaUtilLog, buck.abi_processor_classes=/Users/dsyang/buck/build/abi_processor/classes, path.separator=:, java.vm.version=25.131-b11, java.awt.printerjob=sun.lwawt.macosx.CPrinterJob, sun.io.unicode.encoding=UnicodeBig, awt.toolkit=sun.lwawt.macosx.LWCToolkit, buck.buck_build_type_info=/Users/dsyang/buck/config/build_type/LOCAL_ANT/type.txt, buck.dx=/Users/dsyang/buck/third-party/java/dx/etc/dx, buck.git_commit_timestamp=1495237654, user.home=/Users/dsyang, buck.path_to_asm_jar=/Users/dsyang/buck/third-party/java/asm/asm-debug-all-5.0.3.jar, java.specification.vendor=Oracle Corporation, buck.git_dirty=0, java.library.path=/Users/dsyang/buck/third-party/java/ObjCBridge, java.vendor.url=http://java.oracle.com/, java.vm.vendor=Oracle Corporation, gopherProxySet=false, java.runtime.name=Java(TM) SE Runtime Environment, sun.java.command=com.facebook.buck.cli.bootstrapper.ClassLoaderBootstrapper com.facebook.buck.cli.Main, java.class.path=/Users/dsyang/buck/build/bootstrapper/bootstrapper.jar, buck.buckd_dir=/Users/dsyang/Sandbox/kotlin-koans/.buckd, buck.path_to_pathlib_py=/Users/dsyang/buck/third-party/py/pathlib/pathlib.py, java.vm.specification.name=Java Virtual Machine Specification, java.vm.specification.version=1.8, sun.cpu.endian=little, buck.path_to_rawmanifest_py=/Users/dsyang/buck/src/com/facebook/buck/util/versioncontrol/rawmanifest.py, sun.os.patch.level=unknown, java.awt.headless=true, java.io.tmpdir=/Users/dsyang/Sandbox/kotlin-koans/buck-out/tmp/buck_run.k2A5CY, buck.android_agent_path=/Users/dsyang/buck/assets/android/agent.apk, java.vendor.url.bug=http://bugreport.sun.com/bugreport/, os.arch=x86_64, java.awt.graphicsenv=sun.awt.CGraphicsEnvironment, buck.path_to_pex=/Users/dsyang/buck/src/com/facebook/buck/python/make_pex.py, java.ext.dirs=/Users/dsyang/Library/Java/Extensions:/Library/Java/JavaVirtualMachines/jdk1.8.0_131.jdk/Contents/Home/jre/lib/ext:/Library/Java/Extensions:/Network/Library/Java/Extensions:/System/Library/Java/Extensions:/usr/lib/java, java.util.logging.config.class=com.facebook.buck.cli.bootstrapper.LogConfig, user.dir=/Users/dsyang/Sandbox/kotlin-koans, line.separator=
, java.vm.name=Java HotSpot(TM) 64-Bit Server VM, buck.path_to_typing=/Users/dsyang/buck/third-party/py/typing/python2, buck.native_exopackage_fake_path=/Users/dsyang/buck/assets/android/native-exopackage-fakes.apk, file.encoding=UTF-8, java.specification.version=1.8}
[2017-05-19 22:15:59.677][debug][command:null][tid:01][com.facebook.buck.config.Configs] Loading configuration for /Users/dsyang/Sandbox/kotlin-koans
[2017-05-19 22:15:59.703][debug][command:null][tid:01][com.facebook.buck.config.Configs] Loaded a configuration file /etc/buckconfig.d/parser: {parser={python_interpreter=/opt/homebrew/opt/python27/bin/python2.7, python_path=/opt/facebook/hg/lib/python2.7/site-packages/}}
[2017-05-19 22:15:59.705][debug][command:null][tid:01][com.facebook.buck.config.Configs] Loaded a configuration file /Users/dsyang/.buckconfig.d/experiments: {experiments={upload_build_traces=true}}
[2017-05-19 22:15:59.705][debug][command:null][tid:01][com.facebook.buck.config.Configs] Loaded a configuration file /Users/dsyang/Sandbox/kotlin-koans/.buckconfig: {}
[2017-05-19 22:15:59.705][debug][command:null][tid:01][com.facebook.buck.config.Configs] Adding configuration overrides RawConfig{values={}}
[2017-05-19 22:15:59.884][debug][command:null][tid:01][com.facebook.buck.cli.Main] Not using Watchman, context present: false, glob handler: PYTHON
[2017-05-19 22:15:59.961][debug][command:37d3049e-533d-4a49-bf03-ea5930821fea][tid:01][com.facebook.buck.event.listener.SuperConsoleEventBusListener] Starting render scheduler (interval 100 ms)
[2017-05-19 22:15:59.996][debug][command:37d3049e-533d-4a49-bf03-ea5930821fea][tid:01][com.google.common.util.concurrent.ServiceManager] Starting PerfStatsTracking [RUNNING].
[2017-05-19 22:15:59.996][debug][command:37d3049e-533d-4a49-bf03-ea5930821fea][tid:01][com.google.common.util.concurrent.ServiceManager] Started PerfStatsTracking [RUNNING] in 449.1 μs.
[2017-05-19 22:16:00.001][debug][command:37d3049e-533d-4a49-bf03-ea5930821fea][tid:01][com.google.common.util.concurrent.ServiceManager] Starting ProcessTracker [STARTING].
[2017-05-19 22:16:00.001][debug][command:null][tid:18][com.facebook.buck.util.perf.ProcessTracker] startUp
[2017-05-19 22:16:00.001][debug][command:37d3049e-533d-4a49-bf03-ea5930821fea][tid:01][com.facebook.buck.cli.Main] InvocationInfo BuildId=[37d3049e-533d-4a49-bf03-ea5930821fea] Args=[]
[2017-05-19 22:16:00.016][debug][command:37d3049e-533d-4a49-bf03-ea5930821fea][tid:01][com.facebook.buck.util.environment.MacWifiSsidFinder] Getting current SSID..
[2017-05-19 22:16:00.044][debug][command:37d3049e-533d-4a49-bf03-ea5930821fea][tid:01][com.facebook.buck.util.environment.MacWifiSsidFinder] Getting SSID from Wi-Fi interface: <CWInterface: 0x7f877a9077a0> [interfaceName=en0]
[2017-05-19 22:16:00.045][debug][command:37d3049e-533d-4a49-bf03-ea5930821fea][tid:01][com.facebook.buck.util.environment.MacWifiSsidFinder] Found SSID: dudanet
[2017-05-19 22:16:00.051][debug][command:null][tid:18][com.google.common.util.concurrent.ServiceManager] Started ProcessTracker [RUNNING] in 49.75 ms.
[2017-05-19 22:16:00.287][warn ][command:37d3049e-533d-4a49-bf03-ea5930821fea][tid:01][com.facebook.buck.cli.Main] Logging is not configured! Falling back to default Scribe logger.
[2017-05-19 22:16:00.305][debug][command:37d3049e-533d-4a49-bf03-ea5930821fea][tid:01][com.facebook.buck.util.environment.MacNetworkConfiguration] Determine network service order and extract device names
[2017-05-19 22:16:00.315][debug][command:37d3049e-533d-4a49-bf03-ea5930821fea][tid:01][com.facebook.buck.util.ListeningProcessExecutor] Launching process with params ProcessExecutorParams{command=[networksetup, -listnetworkserviceorder, ]}
[2017-05-19 22:16:00.356][debug][command:37d3049e-533d-4a49-bf03-ea5930821fea][tid:01][com.facebook.buck.util.ListeningProcessExecutor] Successfully launched process com.zaxxer.nuprocess.osx.OsxProcess@b9b00e0
[2017-05-19 22:16:00.358][debug][command:37d3049e-533d-4a49-bf03-ea5930821fea][tid:01][com.facebook.buck.util.ListeningProcessExecutor] Waiting for process com.facebook.buck.util.ListeningProcessExecutor$LaunchedProcessImpl@506ae4d4 timeout 1000 MILLISECONDS
[2017-05-19 22:16:00.398][debug][command:37d3049e-533d-4a49-bf03-ea5930821fea][tid:01][com.facebook.buck.util.ListeningProcessExecutor] Wait for process returned 0
[2017-05-19 22:16:00.398][debug][command:37d3049e-533d-4a49-bf03-ea5930821fea][tid:01][com.facebook.buck.util.ListeningProcessExecutor] Destroying process com.facebook.buck.util.ListeningProcessExecutor$LaunchedProcessImpl@506ae4d4 (force true)
[2017-05-19 22:16:00.398][debug][command:37d3049e-533d-4a49-bf03-ea5930821fea][tid:01][com.facebook.buck.util.environment.MacNetworkConfiguration] Determine active state of media for device
[2017-05-19 22:16:00.399][debug][command:37d3049e-533d-4a49-bf03-ea5930821fea][tid:01][com.facebook.buck.util.ListeningProcessExecutor] Launching process with params ProcessExecutorParams{command=[networksetup, -getMedia, en3]}
[2017-05-19 22:16:00.401][debug][command:37d3049e-533d-4a49-bf03-ea5930821fea][tid:01][com.facebook.buck.util.ListeningProcessExecutor] Successfully launched process com.zaxxer.nuprocess.osx.OsxProcess@7d4f9aae
[2017-05-19 22:16:00.402][debug][command:37d3049e-533d-4a49-bf03-ea5930821fea][tid:01][com.facebook.buck.util.ListeningProcessExecutor] Waiting for process com.facebook.buck.util.ListeningProcessExecutor$LaunchedProcessImpl@72e5a8e timeout 1000 MILLISECONDS
[2017-05-19 22:16:00.426][debug][command:37d3049e-533d-4a49-bf03-ea5930821fea][tid:01][com.facebook.buck.util.ListeningProcessExecutor] Wait for process returned 4
[2017-05-19 22:16:00.426][debug][command:37d3049e-533d-4a49-bf03-ea5930821fea][tid:01][com.facebook.buck.util.ListeningProcessExecutor] Destroying process com.facebook.buck.util.ListeningProcessExecutor$LaunchedProcessImpl@72e5a8e (force true)
[2017-05-19 22:16:00.426][debug][command:37d3049e-533d-4a49-bf03-ea5930821fea][tid:01][com.facebook.buck.util.environment.MacNetworkConfiguration] Determine active state of media for device
[2017-05-19 22:16:00.426][debug][command:37d3049e-533d-4a49-bf03-ea5930821fea][tid:01][com.facebook.buck.util.ListeningProcessExecutor] Launching process with params ProcessExecutorParams{command=[networksetup, -getMedia, en5]}
[2017-05-19 22:16:00.429][debug][command:37d3049e-533d-4a49-bf03-ea5930821fea][tid:01][com.facebook.buck.util.ListeningProcessExecutor] Successfully launched process com.zaxxer.nuprocess.osx.OsxProcess@54e1c68b
[2017-05-19 22:16:00.430][debug][command:37d3049e-533d-4a49-bf03-ea5930821fea][tid:01][com.facebook.buck.util.ListeningProcessExecutor] Waiting for process com.facebook.buck.util.ListeningProcessExecutor$LaunchedProcessImpl@53aac487 timeout 1000 MILLISECONDS
[2017-05-19 22:16:00.453][debug][command:37d3049e-533d-4a49-bf03-ea5930821fea][tid:01][com.facebook.buck.util.ListeningProcessExecutor] Wait for process returned 4
[2017-05-19 22:16:00.453][debug][command:37d3049e-533d-4a49-bf03-ea5930821fea][tid:01][com.facebook.buck.util.ListeningProcessExecutor] Destroying process com.facebook.buck.util.ListeningProcessExecutor$LaunchedProcessImpl@53aac487 (force true)
[2017-05-19 22:16:00.453][debug][command:37d3049e-533d-4a49-bf03-ea5930821fea][tid:01][com.facebook.buck.util.environment.MacNetworkConfiguration] Determine active state of media for device
[2017-05-19 22:16:00.454][debug][command:37d3049e-533d-4a49-bf03-ea5930821fea][tid:01][com.facebook.buck.util.ListeningProcessExecutor] Launching process with params ProcessExecutorParams{command=[networksetup, -getMedia, en6]}
[2017-05-19 22:16:00.456][debug][command:37d3049e-533d-4a49-bf03-ea5930821fea][tid:01][com.facebook.buck.util.ListeningProcessExecutor] Successfully launched process com.zaxxer.nuprocess.osx.OsxProcess@52b1beb6
[2017-05-19 22:16:00.457][debug][command:37d3049e-533d-4a49-bf03-ea5930821fea][tid:01][com.facebook.buck.util.ListeningProcessExecutor] Waiting for process com.facebook.buck.util.ListeningProcessExecutor$LaunchedProcessImpl@273e7444 timeout 1000 MILLISECONDS
[2017-05-19 22:16:00.481][debug][command:37d3049e-533d-4a49-bf03-ea5930821fea][tid:01][com.facebook.buck.util.ListeningProcessExecutor] Wait for process returned 4
[2017-05-19 22:16:00.481][debug][command:37d3049e-533d-4a49-bf03-ea5930821fea][tid:01][com.facebook.buck.util.ListeningProcessExecutor] Destroying process com.facebook.buck.util.ListeningProcessExecutor$LaunchedProcessImpl@273e7444 (force true)
[2017-05-19 22:16:00.481][debug][command:37d3049e-533d-4a49-bf03-ea5930821fea][tid:01][com.facebook.buck.util.environment.MacNetworkConfiguration] Determine active state of media for device
[2017-05-19 22:16:00.482][debug][command:37d3049e-533d-4a49-bf03-ea5930821fea][tid:01][com.facebook.buck.util.ListeningProcessExecutor] Launching process with params ProcessExecutorParams{command=[networksetup, -getMedia, fw0]}
[2017-05-19 22:16:00.484][debug][command:37d3049e-533d-4a49-bf03-ea5930821fea][tid:01][com.facebook.buck.util.ListeningProcessExecutor] Successfully launched process com.zaxxer.nuprocess.osx.OsxProcess@7db12bb6
[2017-05-19 22:16:00.485][debug][command:37d3049e-533d-4a49-bf03-ea5930821fea][tid:01][com.facebook.buck.util.ListeningProcessExecutor] Waiting for process com.facebook.buck.util.ListeningProcessExecutor$LaunchedProcessImpl@783a467b timeout 1000 MILLISECONDS
[2017-05-19 22:16:00.509][debug][command:37d3049e-533d-4a49-bf03-ea5930821fea][tid:01][com.facebook.buck.util.ListeningProcessExecutor] Wait for process returned 4
[2017-05-19 22:16:00.509][debug][command:37d3049e-533d-4a49-bf03-ea5930821fea][tid:01][com.facebook.buck.util.ListeningProcessExecutor] Destroying process com.facebook.buck.util.ListeningProcessExecutor$LaunchedProcessImpl@783a467b (force true)
[2017-05-19 22:16:00.510][debug][command:37d3049e-533d-4a49-bf03-ea5930821fea][tid:01][com.facebook.buck.util.environment.MacNetworkConfiguration] Determine active state of media for device
[2017-05-19 22:16:00.510][debug][command:37d3049e-533d-4a49-bf03-ea5930821fea][tid:01][com.facebook.buck.util.ListeningProcessExecutor] Launching process with params ProcessExecutorParams{command=[networksetup, -getMedia, en0]}
[2017-05-19 22:16:00.516][debug][command:37d3049e-533d-4a49-bf03-ea5930821fea][tid:01][com.facebook.buck.util.ListeningProcessExecutor] Successfully launched process com.zaxxer.nuprocess.osx.OsxProcess@272113c4
[2017-05-19 22:16:00.519][debug][command:37d3049e-533d-4a49-bf03-ea5930821fea][tid:01][com.facebook.buck.util.ListeningProcessExecutor] Waiting for process com.facebook.buck.util.ListeningProcessExecutor$LaunchedProcessImpl@771a660 timeout 1000 MILLISECONDS
[2017-05-19 22:16:00.542][debug][command:37d3049e-533d-4a49-bf03-ea5930821fea][tid:01][com.facebook.buck.util.ListeningProcessExecutor] Wait for process returned 0
[2017-05-19 22:16:00.542][debug][command:37d3049e-533d-4a49-bf03-ea5930821fea][tid:01][com.facebook.buck.util.ListeningProcessExecutor] Destroying process com.facebook.buck.util.ListeningProcessExecutor$LaunchedProcessImpl@771a660 (force true)
[2017-05-19 22:16:00.543][debug][command:37d3049e-533d-4a49-bf03-ea5930821fea][tid:01][com.facebook.buck.util.environment.MacNetworkConfiguration] Determine WiFi SSID of device
[2017-05-19 22:16:00.543][debug][command:37d3049e-533d-4a49-bf03-ea5930821fea][tid:01][com.facebook.buck.util.ListeningProcessExecutor] Launching process with params ProcessExecutorParams{command=[networksetup, -getairportnetwork, en0]}
[2017-05-19 22:16:00.545][debug][command:37d3049e-533d-4a49-bf03-ea5930821fea][tid:01][com.facebook.buck.util.ListeningProcessExecutor] Successfully launched process com.zaxxer.nuprocess.osx.OsxProcess@2d52216b
[2017-05-19 22:16:00.546][debug][command:37d3049e-533d-4a49-bf03-ea5930821fea][tid:01][com.facebook.buck.util.ListeningProcessExecutor] Waiting for process com.facebook.buck.util.ListeningProcessExecutor$LaunchedProcessImpl@242b836 timeout 1000 MILLISECONDS
[2017-05-19 22:16:00.572][debug][command:37d3049e-533d-4a49-bf03-ea5930821fea][tid:01][com.facebook.buck.util.ListeningProcessExecutor] Wait for process returned 0
[2017-05-19 22:16:00.572][debug][command:37d3049e-533d-4a49-bf03-ea5930821fea][tid:01][com.facebook.buck.util.ListeningProcessExecutor] Destroying process com.facebook.buck.util.ListeningProcessExecutor$LaunchedProcessImpl@242b836 (force true)
[2017-05-19 22:16:00.574][debug][command:37d3049e-533d-4a49-bf03-ea5930821fea][tid:01][com.facebook.buck.util.environment.MacNetworkConfiguration] Determine network service order and extract device names
[2017-05-19 22:16:00.574][debug][command:37d3049e-533d-4a49-bf03-ea5930821fea][tid:01][com.facebook.buck.util.ListeningProcessExecutor] Launching process with params ProcessExecutorParams{command=[networksetup, -listnetworkserviceorder, ]}
[2017-05-19 22:16:00.577][debug][command:37d3049e-533d-4a49-bf03-ea5930821fea][tid:01][com.facebook.buck.util.ListeningProcessExecutor] Successfully launched process com.zaxxer.nuprocess.osx.OsxProcess@3f6f6701
[2017-05-19 22:16:00.578][debug][command:37d3049e-533d-4a49-bf03-ea5930821fea][tid:01][com.facebook.buck.util.ListeningProcessExecutor] Waiting for process com.facebook.buck.util.ListeningProcessExecutor$LaunchedProcessImpl@3527942a timeout 1000 MILLISECONDS
[2017-05-19 22:16:00.608][debug][command:37d3049e-533d-4a49-bf03-ea5930821fea][tid:01][com.facebook.buck.util.ListeningProcessExecutor] Wait for process returned 0
[2017-05-19 22:16:00.608][debug][command:37d3049e-533d-4a49-bf03-ea5930821fea][tid:01][com.facebook.buck.util.ListeningProcessExecutor] Destroying process com.facebook.buck.util.ListeningProcessExecutor$LaunchedProcessImpl@3527942a (force true)
[2017-05-19 22:16:00.608][debug][command:37d3049e-533d-4a49-bf03-ea5930821fea][tid:01][com.facebook.buck.util.environment.MacNetworkConfiguration] Determine active state of media for device
[2017-05-19 22:16:00.609][debug][command:37d3049e-533d-4a49-bf03-ea5930821fea][tid:01][com.facebook.buck.util.ListeningProcessExecutor] Launching process with params ProcessExecutorParams{command=[networksetup, -getMedia, en3]}
[2017-05-19 22:16:00.611][debug][command:37d3049e-533d-4a49-bf03-ea5930821fea][tid:01][com.facebook.buck.util.ListeningProcessExecutor] Successfully launched process com.zaxxer.nuprocess.osx.OsxProcess@942a29c
[2017-05-19 22:16:00.613][debug][command:37d3049e-533d-4a49-bf03-ea5930821fea][tid:01][com.facebook.buck.util.ListeningProcessExecutor] Waiting for process com.facebook.buck.util.ListeningProcessExecutor$LaunchedProcessImpl@1ed6388a timeout 1000 MILLISECONDS
[2017-05-19 22:16:00.639][debug][command:37d3049e-533d-4a49-bf03-ea5930821fea][tid:01][com.facebook.buck.util.ListeningProcessExecutor] Wait for process returned 4
[2017-05-19 22:16:00.639][debug][command:37d3049e-533d-4a49-bf03-ea5930821fea][tid:01][com.facebook.buck.util.ListeningProcessExecutor] Destroying process com.facebook.buck.util.ListeningProcessExecutor$LaunchedProcessImpl@1ed6388a (force true)
[2017-05-19 22:16:00.640][debug][command:37d3049e-533d-4a49-bf03-ea5930821fea][tid:01][com.facebook.buck.util.environment.MacNetworkConfiguration] Determine active state of media for device
[2017-05-19 22:16:00.640][debug][command:37d3049e-533d-4a49-bf03-ea5930821fea][tid:01][com.facebook.buck.util.ListeningProcessExecutor] Launching process with params ProcessExecutorParams{command=[networksetup, -getMedia, en5]}
[2017-05-19 22:16:00.642][debug][command:37d3049e-533d-4a49-bf03-ea5930821fea][tid:01][com.facebook.buck.util.ListeningProcessExecutor] Successfully launched process com.zaxxer.nuprocess.osx.OsxProcess@5a45133e
[2017-05-19 22:16:00.644][debug][command:37d3049e-533d-4a49-bf03-ea5930821fea][tid:01][com.facebook.buck.util.ListeningProcessExecutor] Waiting for process com.facebook.buck.util.ListeningProcessExecutor$LaunchedProcessImpl@534a5a98 timeout 1000 MILLISECONDS
[2017-05-19 22:16:00.667][debug][command:37d3049e-533d-4a49-bf03-ea5930821fea][tid:01][com.facebook.buck.util.ListeningProcessExecutor] Wait for process returned 4
[2017-05-19 22:16:00.668][debug][command:37d3049e-533d-4a49-bf03-ea5930821fea][tid:01][com.facebook.buck.util.ListeningProcessExecutor] Destroying process com.facebook.buck.util.ListeningProcessExecutor$LaunchedProcessImpl@534a5a98 (force true)
[2017-05-19 22:16:00.668][debug][command:37d3049e-533d-4a49-bf03-ea5930821fea][tid:01][com.facebook.buck.util.environment.MacNetworkConfiguration] Determine active state of media for device
[2017-05-19 22:16:00.668][debug][command:37d3049e-533d-4a49-bf03-ea5930821fea][tid:01][com.facebook.buck.util.ListeningProcessExecutor] Launching process with params ProcessExecutorParams{command=[networksetup, -getMedia, en6]}
[2017-05-19 22:16:00.670][debug][command:37d3049e-533d-4a49-bf03-ea5930821fea][tid:01][com.facebook.buck.util.ListeningProcessExecutor] Successfully launched process com.zaxxer.nuprocess.osx.OsxProcess@4f80542f
[2017-05-19 22:16:00.671][debug][command:37d3049e-533d-4a49-bf03-ea5930821fea][tid:01][com.facebook.buck.util.ListeningProcessExecutor] Waiting for process com.facebook.buck.util.ListeningProcessExecutor$LaunchedProcessImpl@60bd273d timeout 1000 MILLISECONDS
[2017-05-19 22:16:00.695][debug][command:37d3049e-533d-4a49-bf03-ea5930821fea][tid:01][com.facebook.buck.util.ListeningProcessExecutor] Wait for process returned 4
[2017-05-19 22:16:00.695][debug][command:37d3049e-533d-4a49-bf03-ea5930821fea][tid:01][com.facebook.buck.util.ListeningProcessExecutor] Destroying process com.facebook.buck.util.ListeningProcessExecutor$LaunchedProcessImpl@60bd273d (force true)
[2017-05-19 22:16:00.696][debug][command:37d3049e-533d-4a49-bf03-ea5930821fea][tid:01][com.facebook.buck.util.environment.MacNetworkConfiguration] Determine active state of media for device
[2017-05-19 22:16:00.696][debug][command:37d3049e-533d-4a49-bf03-ea5930821fea][tid:01][com.facebook.buck.util.ListeningProcessExecutor] Launching process with params ProcessExecutorParams{command=[networksetup, -getMedia, fw0]}
[2017-05-19 22:16:00.698][debug][command:37d3049e-533d-4a49-bf03-ea5930821fea][tid:01][com.facebook.buck.util.ListeningProcessExecutor] Successfully launched process com.zaxxer.nuprocess.osx.OsxProcess@121314f7
[2017-05-19 22:16:00.699][debug][command:37d3049e-533d-4a49-bf03-ea5930821fea][tid:01][com.facebook.buck.util.ListeningProcessExecutor] Waiting for process com.facebook.buck.util.ListeningProcessExecutor$LaunchedProcessImpl@130c12b7 timeout 1000 MILLISECONDS
[2017-05-19 22:16:00.726][debug][command:37d3049e-533d-4a49-bf03-ea5930821fea][tid:01][com.facebook.buck.util.ListeningProcessExecutor] Wait for process returned 4
[2017-05-19 22:16:00.726][debug][command:37d3049e-533d-4a49-bf03-ea5930821fea][tid:01][com.facebook.buck.util.ListeningProcessExecutor] Destroying process com.facebook.buck.util.ListeningProcessExecutor$LaunchedProcessImpl@130c12b7 (force true)
[2017-05-19 22:16:00.726][debug][command:37d3049e-533d-4a49-bf03-ea5930821fea][tid:01][com.facebook.buck.util.environment.MacNetworkConfiguration] Determine active state of media for device
[2017-05-19 22:16:00.727][debug][command:37d3049e-533d-4a49-bf03-ea5930821fea][tid:01][com.facebook.buck.util.ListeningProcessExecutor] Launching process with params ProcessExecutorParams{command=[networksetup, -getMedia, en0]}
[2017-05-19 22:16:00.729][debug][command:37d3049e-533d-4a49-bf03-ea5930821fea][tid:01][com.facebook.buck.util.ListeningProcessExecutor] Successfully launched process com.zaxxer.nuprocess.osx.OsxProcess@5e600dd5
[2017-05-19 22:16:00.731][debug][command:37d3049e-533d-4a49-bf03-ea5930821fea][tid:01][com.facebook.buck.util.ListeningProcessExecutor] Waiting for process com.facebook.buck.util.ListeningProcessExecutor$LaunchedProcessImpl@5d534f5d timeout 1000 MILLISECONDS
[2017-05-19 22:16:00.755][debug][command:37d3049e-533d-4a49-bf03-ea5930821fea][tid:01][com.facebook.buck.util.ListeningProcessExecutor] Wait for process returned 0
[2017-05-19 22:16:00.756][debug][command:37d3049e-533d-4a49-bf03-ea5930821fea][tid:01][com.facebook.buck.util.ListeningProcessExecutor] Destroying process com.facebook.buck.util.ListeningProcessExecutor$LaunchedProcessImpl@5d534f5d (force true)
[2017-05-19 22:16:00.756][debug][command:37d3049e-533d-4a49-bf03-ea5930821fea][tid:01][com.facebook.buck.util.environment.MacNetworkConfiguration] Determine WiFi SSID of device
[2017-05-19 22:16:00.756][debug][command:37d3049e-533d-4a49-bf03-ea5930821fea][tid:01][com.facebook.buck.util.ListeningProcessExecutor] Launching process with params ProcessExecutorParams{command=[networksetup, -getairportnetwork, en0]}
[2017-05-19 22:16:00.758][debug][command:37d3049e-533d-4a49-bf03-ea5930821fea][tid:01][com.facebook.buck.util.ListeningProcessExecutor] Successfully launched process com.zaxxer.nuprocess.osx.OsxProcess@2e3967ea
[2017-05-19 22:16:00.759][debug][command:37d3049e-533d-4a49-bf03-ea5930821fea][tid:01][com.facebook.buck.util.ListeningProcessExecutor] Waiting for process com.facebook.buck.util.ListeningProcessExecutor$LaunchedProcessImpl@70e9c95d timeout 1000 MILLISECONDS
[2017-05-19 22:16:00.785][debug][command:37d3049e-533d-4a49-bf03-ea5930821fea][tid:01][com.facebook.buck.util.ListeningProcessExecutor] Wait for process returned 0
[2017-05-19 22:16:00.785][debug][command:37d3049e-533d-4a49-bf03-ea5930821fea][tid:01][com.facebook.buck.util.ListeningProcessExecutor] Destroying process com.facebook.buck.util.ListeningProcessExecutor$LaunchedProcessImpl@70e9c95d (force true)
[2017-05-19 22:16:00.886][warn ][command:37d3049e-533d-4a49-bf03-ea5930821fea][tid:01][com.facebook.buck.event.listener.PublicAnnouncementManager] Failed to get public announcements. Reason: Failed to establish connection to server.
[2017-05-19 22:16:00.964][debug][command:null][tid:15][com.facebook.buck.event.listener.SuperConsoleEventBusListener] Stopping render scheduler
[2017-05-19 22:16:00.965][debug][command:null][tid:15][com.facebook.buck.event.listener.SuperConsoleEventBusListener] Stopping console output (stdout dirty false, stderr dirty true).
[2017-05-19 22:16:00.975][info ][command:37d3049e-533d-4a49-bf03-ea5930821fea][tid:01][com.facebook.buck.cli.Main] Awaiting termination of HTTP Write executor service. Waiting for all jobs to complete, or up to maximum of 1800 seconds...
[2017-05-19 22:16:00.976][info ][command:37d3049e-533d-4a49-bf03-ea5930821fea][tid:01][com.facebook.buck.cli.Main] Awaiting termination of CounterAggregatorExecutor executor service. Waiting for all jobs to complete, or up to maximum of 20 seconds...
[2017-05-19 22:16:00.977][debug][command:37d3049e-533d-4a49-bf03-ea5930821fea][tid:18][com.facebook.buck.util.perf.ProcessTracker] shutDown
[2017-05-19 22:16:00.977][debug][command:null][tid:17][com.google.common.util.concurrent.ServiceManager] Service PerfStatsTracking [TERMINATED] has terminated. Previous state was: STOPPING
[2017-05-19 22:16:00.988][debug][command:37d3049e-533d-4a49-bf03-ea5930821fea][tid:18][com.google.common.util.concurrent.ServiceManager] Service ProcessTracker [TERMINATED] has terminated. Previous state was: STOPPING
[2017-05-19 22:16:01.025][debug][command:37d3049e-533d-4a49-bf03-ea5930821fea][tid:01][com.facebook.buck.event.listener.SuperConsoleEventBusListener] Stopping render scheduler
[2017-05-19 22:16:01.025][debug][command:37d3049e-533d-4a49-bf03-ea5930821fea][tid:01][com.facebook.buck.event.listener.SuperConsoleEventBusListener] Stopping render scheduler
[2017-05-19 22:16:01.025][debug][command:37d3049e-533d-4a49-bf03-ea5930821fea][tid:01][com.facebook.buck.event.listener.SuperConsoleEventBusListener] Stopping console output (stdout dirty false, stderr dirty true).
[2017-05-19 22:16:01.029][info ][command:null][tid:01][com.facebook.buck.cli.Main] Awaiting termination of PROJECT executor service. Waiting for all jobs to complete, or up to maximum of 60 seconds...
[2017-05-19 22:16:01.029][info ][command:null][tid:01][com.facebook.buck.cli.Main] Awaiting termination of CPU executor service. Waiting for all jobs to complete, or up to maximum of 60 seconds...
[2017-05-19 22:16:01.029][info ][command:null][tid:01][com.facebook.buck.cli.Main] Awaiting termination of NETWORK executor service. Waiting for all jobs to complete, or up to maximum of 60 seconds...
[2017-05-19 22:16:01.030][info ][command:null][tid:01][com.facebook.buck.cli.Main] Awaiting termination of Disk IO executor service. Waiting for all jobs to complete, or up to maximum of 10 seconds...
[2017-05-19 22:16:01.030][debug][command:null][tid:01][com.facebook.buck.event.listener.ChromeTraceBuildListener] Writing Chrome trace to buck-out/log/2017-05-20_05h15m59s_no_sub_command_37d3049e-533d-4a49-bf03-ea5930821fea/build.2017-05-19.22-16-00.37d3049e-533d-4a49-bf03-ea5930821fea.trace
[2017-05-19 22:16:01.035][debug][command:null][tid:01][com.facebook.buck.util.environment.MacWifiSsidFinder] Getting current SSID..
[2017-05-19 22:16:01.036][debug][command:null][tid:01][com.facebook.buck.util.environment.MacWifiSsidFinder] Getting SSID from Wi-Fi interface: <CWInterface: 0x7f877a9077a0> [interfaceName=en0]
[2017-05-19 22:16:01.036][debug][command:null][tid:01][com.facebook.buck.util.environment.MacWifiSsidFinder] Found SSID: dudanet
[2017-05-19 22:16:01.478][warn ][command:null][tid:01][com.facebook.buck.event.listener.ScubaBuildListener] Failed logging to scuba
java.util.concurrent.ExecutionException: java.net.UnknownHostException: buck-frontend-dual.08.prn2.facebook.com
	at com.google.common.util.concurrent.AbstractFuture.getDoneValue(AbstractFuture.java:500)
	at com.google.common.util.concurrent.AbstractFuture.get(AbstractFuture.java:401)
	at com.google.common.util.concurrent.AbstractFuture$TrustedFuture.get(AbstractFuture.java:83)
	at com.facebook.buck.event.listener.ScubaBuildListener.outputTrace(ScubaBuildListener.java:666)
	at com.facebook.buck.cli.Main.flushEventListeners(Main.java:1062)
	at com.facebook.buck.cli.Main.runMainWithExitCode(Main.java:1045)
	at com.facebook.buck.cli.Main.runMainThenExit(Main.java:350)
	at com.facebook.buck.cli.Main.main(Main.java:1643)
	at sun.reflect.NativeMethodAccessorImpl.invoke0(Native Method)
	at sun.reflect.NativeMethodAccessorImpl.invoke(NativeMethodAccessorImpl.java:62)
	at sun.reflect.DelegatingMethodAccessorImpl.invoke(DelegatingMethodAccessorImpl.java:43)
	at java.lang.reflect.Method.invoke(Method.java:498)
	at com.facebook.buck.cli.bootstrapper.ClassLoaderBootstrapper.main(ClassLoaderBootstrapper.java:61)
Caused by: java.net.UnknownHostException: buck-frontend-dual.08.prn2.facebook.com
	at java.net.InetAddress.getAllByName0(InetAddress.java:1280)
	at java.net.InetAddress.getAllByName(InetAddress.java:1192)
	at java.net.InetAddress.getAllByName(InetAddress.java:1126)
	at okhttp3.Dns$1.lookup(Dns.java:39)
	at okhttp3.internal.connection.RouteSelector.resetNextInetSocketAddress(RouteSelector.java:170)
	at okhttp3.internal.connection.RouteSelector.nextProxy(RouteSelector.java:136)
	at okhttp3.internal.connection.RouteSelector.next(RouteSelector.java:81)
	at okhttp3.internal.connection.StreamAllocation.findConnection(StreamAllocation.java:171)
	at okhttp3.internal.connection.StreamAllocation.findHealthyConnection(StreamAllocation.java:121)
	at okhttp3.internal.connection.StreamAllocation.newStream(StreamAllocation.java:100)
	at okhttp3.internal.connection.ConnectInterceptor.intercept(ConnectInterceptor.java:42)
	at okhttp3.internal.http.RealInterceptorChain.proceed(RealInterceptorChain.java:92)
	at okhttp3.internal.http.RealInterceptorChain.proceed(RealInterceptorChain.java:67)
	at okhttp3.internal.cache.CacheInterceptor.intercept(CacheInterceptor.java:93)
	at okhttp3.internal.http.RealInterceptorChain.proceed(RealInterceptorChain.java:92)
	at okhttp3.internal.http.RealInterceptorChain.proceed(RealInterceptorChain.java:67)
	at okhttp3.internal.http.BridgeInterceptor.intercept(BridgeInterceptor.java:93)
	at okhttp3.internal.http.RealInterceptorChain.proceed(RealInterceptorChain.java:92)
	at okhttp3.internal.http.RetryAndFollowUpInterceptor.intercept(RetryAndFollowUpInterceptor.java:120)
	at okhttp3.internal.http.RealInterceptorChain.proceed(RealInterceptorChain.java:92)
	at okhttp3.internal.http.RealInterceptorChain.proceed(RealInterceptorChain.java:67)
	at okhttp3.RealCall.getResponseWithInterceptorChain(RealCall.java:179)
	at okhttp3.RealCall.execute(RealCall.java:63)
	at com.facebook.buck.slb.SingleUriService.makeRequest(SingleUriService.java:40)
	at com.facebook.buck.slb.ThriftOverHttpService.makeRequest(ThriftOverHttpService.java:60)
	at com.facebook.buck.util.network.ThriftScribeLogger.sendViaThrift(ThriftScribeLogger.java:128)
	at com.facebook.buck.util.network.ThriftScribeLogger.access$0(ThriftScribeLogger.java:113)
	at com.facebook.buck.util.network.ThriftScribeLogger$1.call(ThriftScribeLogger.java:107)
	at com.facebook.buck.util.network.ThriftScribeLogger$1.call(ThriftScribeLogger.java:1)
	at com.google.common.util.concurrent.TrustedListenableFutureTask$TrustedFutureInterruptibleTask.runInterruptibly(TrustedListenableFutureTask.java:111)
	at com.google.common.util.concurrent.InterruptibleTask.run(InterruptibleTask.java:58)
	at com.google.common.util.concurrent.TrustedListenableFutureTask.run(TrustedListenableFutureTask.java:75)
	at java.util.concurrent.ThreadPoolExecutor.runWorker(ThreadPoolExecutor.java:1142)
	at java.util.concurrent.ThreadPoolExecutor$Worker.run(ThreadPoolExecutor.java:617)
	at java.lang.Thread.run(Thread.java:748)

[2017-05-19 22:16:01.485][debug][command:null][tid:01][com.facebook.buck.cli.Main] Done.
