[2017-05-19 22:21:30.247][info ][command:null][tid:01][com.facebook.buck.cli.HangMonitor] HangMonitorAutoStart
[2017-05-19 22:21:30.548][debug][command:null][tid:01][com.google.common.util.concurrent.ServiceManager] Starting HangMonitor [STARTING].
[2017-05-19 22:21:30.549][debug][command:null][tid:12][com.google.common.util.concurrent.ServiceManager] Started HangMonitor [RUNNING] in 5.201 ms.
[2017-05-19 22:21:30.586][info ][command:null][tid:01][com.facebook.buck.cli.Main] enabling background process killing for buckd
[2017-05-19 22:21:30.588][info ][command:null][tid:01][com.facebook.buck.cli.Main] enabled background process killing for buckd
[2017-05-19 22:21:30.589][info ][command:null][tid:01][com.facebook.buck.cli.Main] initialized bg session killer
[2017-05-19 22:21:30.622][debug][command:null][tid:14][com.martiansoftware.nailgun.NGSession] Waiting for first client to connect
[2017-05-19 22:21:30.628][debug][command:null][tid:14][com.martiansoftware.nailgun.NGSession] Client connected
[2017-05-19 22:21:30.628][debug][command:null][tid:15][com.martiansoftware.nailgun.NGSession] Waiting for first client to connect
[2017-05-19 22:21:30.633][debug][command:null][tid:14][com.martiansoftware.nailgun.NGSession] Tearing down client socket
[2017-05-19 22:21:30.633][debug][command:null][tid:14][com.martiansoftware.nailgun.NGSession] Flushing client socket
[2017-05-19 22:21:30.633][debug][command:null][tid:15][com.martiansoftware.nailgun.NGSession] Client connected
[2017-05-19 22:21:30.633][debug][command:null][tid:18][com.martiansoftware.nailgun.NGSession] Waiting for first client to connect
[2017-05-19 22:21:30.633][warn ][command:null][tid:16][com.martiansoftware.nailgun.NGInputStream] Nailgun client read future was interrupted
java.lang.InterruptedException
	at java.util.concurrent.FutureTask.awaitDone(FutureTask.java:404)
	at java.util.concurrent.FutureTask.get(FutureTask.java:204)
	at com.martiansoftware.nailgun.NGInputStream$1.run(NGInputStream.java:91)
	at java.util.concurrent.Executors$RunnableAdapter.call(Executors.java:511)
	at java.util.concurrent.FutureTask.run(FutureTask.java:266)
	at java.util.concurrent.ThreadPoolExecutor.runWorker(ThreadPoolExecutor.java:1142)
	at java.util.concurrent.ThreadPoolExecutor$Worker.run(ThreadPoolExecutor.java:617)
	at java.lang.Thread.run(Thread.java:748)

[2017-05-19 22:21:30.633][debug][command:null][tid:14][com.martiansoftware.nailgun.NGSession] Error shutting down socket I/O (this is expected if the client disconnected already)
java.io.IOException: com.sun.jna.LastErrorException: [57] Socket is not connected
	at com.martiansoftware.nailgun.NGUnixDomainSocket.doShutdown(NGUnixDomainSocket.java:74)
	at com.martiansoftware.nailgun.NGUnixDomainSocket.shutdownInput(NGUnixDomainSocket.java:60)
	at com.martiansoftware.nailgun.NGSession.run(NGSession.java:384)
Caused by: com.sun.jna.LastErrorException: [57] Socket is not connected
	at com.martiansoftware.nailgun.NGUnixDomainSocketLibrary.shutdown(Native Method)
	at com.martiansoftware.nailgun.NGUnixDomainSocket.doShutdown(NGUnixDomainSocket.java:71)
	... 2 more

[2017-05-19 22:21:30.635][debug][command:null][tid:16][com.martiansoftware.nailgun.NGInputStream] Nailgun client read shutting down
[2017-05-19 22:21:30.635][debug][command:null][tid:14][com.martiansoftware.nailgun.NGSession] Closing client socket
[2017-05-19 22:21:30.636][debug][command:null][tid:14][com.martiansoftware.nailgun.NGSession] Finished tearing down client socket
[2017-05-19 22:21:30.636][debug][command:null][tid:14][com.martiansoftware.nailgun.NGSession] Waiting for next client to connect
[2017-05-19 22:21:30.636][info ][command:null][tid:14][com.martiansoftware.nailgun.NGSession] NGSession shutting down
[2017-05-19 22:21:30.746][debug][command:null][tid:15][com.facebook.buck.cli.Main] Rotating log.
[2017-05-19 22:21:30.752][debug][command:null][tid:15][com.facebook.buck.cli.Main] Starting up (build date 2017-05-19 16:47:34 -0700, rev 11cde28db498b3bd979a053bc16b709b34fb9998), args: [build, lib:guava]
[2017-05-19 22:21:30.754][debug][command:null][tid:15][com.facebook.buck.cli.Main] System properties: {java.vendor=Oracle Corporation, sun.java.launcher=SUN_STANDARD, sun.management.compiler=HotSpot 64-Bit Tiered Compilers, jnidispatch.path=/Users/dsyang/Sandbox/kotlin-koans/.buckd/tmp/buck_run.nMPHxr/jna--1322145840/jna7267050777145511250.tmp, os.name=Mac OS X, buck.enable_objc=true, sun.boot.class.path=/Library/Java/JavaVirtualMachines/jdk1.8.0_131.jdk/Contents/Home/jre/lib/resources.jar:/Library/Java/JavaVirtualMachines/jdk1.8.0_131.jdk/Contents/Home/jre/lib/rt.jar:/Library/Java/JavaVirtualMachines/jdk1.8.0_131.jdk/Contents/Home/jre/lib/sunrsasign.jar:/Library/Java/JavaVirtualMachines/jdk1.8.0_131.jdk/Contents/Home/jre/lib/jsse.jar:/Library/Java/JavaVirtualMachines/jdk1.8.0_131.jdk/Contents/Home/jre/lib/jce.jar:/Library/Java/JavaVirtualMachines/jdk1.8.0_131.jdk/Contents/Home/jre/lib/charsets.jar:/Library/Java/JavaVirtualMachines/jdk1.8.0_131.jdk/Contents/Home/jre/lib/jfr.jar:/Library/Java/JavaVirtualMachines/jdk1.8.0_131.jdk/Contents/Home/jre/classes, java.vm.specification.vendor=Oracle Corporation, java.runtime.version=1.8.0_131-b11, buck.path_to_intellij_py=/Users/dsyang/buck/src/com/facebook/buck/ide/intellij/deprecated/intellij.py, jna.loaded=true, buck.testrunner_classes=/Users/dsyang/buck/build/testrunner/classes, buck.logging_config_file=/Users/dsyang/buck/config/logging.properties.st, buck.path_to_sh_binary_template=/Users/dsyang/buck/src/com/facebook/buck/shell/sh_binary_template, user.name=dsyang, buck.path_to_pywatchman=/Users/dsyang/buck/third-party/py/pywatchman, buck.report_generator_jar=/Users/dsyang/buck/build/report-generator.jar, buck.git_commit=11cde28db498b3bd979a053bc16b709b34fb9998, user.language=en, sun.boot.library.path=/Library/Java/JavaVirtualMachines/jdk1.8.0_131.jdk/Contents/Home/jre/lib, java.version=1.8.0_131, user.timezone=America/Los_Angeles, buck.test_util_no_tests_dir=true, sun.arch.data.model=64, java.endorsed.dirs=/Library/Java/JavaVirtualMachines/jdk1.8.0_131.jdk/Contents/Home/jre/lib/endorsed, sun.cpu.isalist=, sun.jnu.encoding=UTF-8, file.encoding.pkg=sun.io, file.separator=/, java.specification.name=Java Platform API Specification, buck.jacoco_agent_jar=/Users/dsyang/buck/third-party/java/jacoco/jacocoagent.jar, java.class.version=52.0, user.country=US, java.home=/Library/Java/JavaVirtualMachines/jdk1.8.0_131.jdk/Contents/Home/jre, java.vm.info=mixed mode, os.version=10.12.4, buck.path_to_static_content=/Users/dsyang/buck/webserver/static, buck.version_uid=11cde28db498b3bd979a053bc16b709b34fb9998, org.eclipse.jetty.util.log.class=org.eclipse.jetty.util.log.JavaUtilLog, buck.abi_processor_classes=/Users/dsyang/buck/build/abi_processor/classes, path.separator=:, java.vm.version=25.131-b11, java.awt.printerjob=sun.lwawt.macosx.CPrinterJob, sun.io.unicode.encoding=UnicodeBig, awt.toolkit=sun.lwawt.macosx.LWCToolkit, buck.buck_build_type_info=/Users/dsyang/buck/config/build_type/LOCAL_ANT/type.txt, buck.dx=/Users/dsyang/buck/third-party/java/dx/etc/dx, buck.git_commit_timestamp=1495237654, user.home=/Users/dsyang, buck.path_to_asm_jar=/Users/dsyang/buck/third-party/java/asm/asm-debug-all-5.0.3.jar, java.specification.vendor=Oracle Corporation, buck.git_dirty=0, java.library.path=/Users/dsyang/buck/third-party/java/ObjCBridge, java.vendor.url=http://java.oracle.com/, java.vm.vendor=Oracle Corporation, gopherProxySet=false, java.runtime.name=Java(TM) SE Runtime Environment, sun.java.command=com.facebook.buck.cli.bootstrapper.ClassLoaderBootstrapper com.facebook.buck.cli.Main$DaemonBootstrap local:.buckd/sock 60000, java.class.path=/Users/dsyang/buck/build/bootstrapper/bootstrapper.jar, buck.buckd_dir=/Users/dsyang/Sandbox/kotlin-koans/.buckd, buck.path_to_pathlib_py=/Users/dsyang/buck/third-party/py/pathlib/pathlib.py, buck.buckd_launch_time_nanos=15876284065847, java.vm.specification.name=Java Virtual Machine Specification, com.martiansoftware.nailgun.NGServer.outputPath=/Users/dsyang/Sandbox/kotlin-koans/.buckd/tmp/buck_run.nMPHxr/ngserver-out, java.vm.specification.version=1.8, sun.cpu.endian=little, buck.path_to_rawmanifest_py=/Users/dsyang/buck/src/com/facebook/buck/util/versioncontrol/rawmanifest.py, sun.os.patch.level=unknown, java.awt.headless=true, java.io.tmpdir=/Users/dsyang/Sandbox/kotlin-koans/.buckd/tmp/buck_run.nMPHxr, buck.android_agent_path=/Users/dsyang/buck/assets/android/agent.apk, java.vendor.url.bug=http://bugreport.sun.com/bugreport/, jna.platform.library.path=/usr/lib:/usr/lib, os.arch=x86_64, java.awt.graphicsenv=sun.awt.CGraphicsEnvironment, buck.path_to_pex=/Users/dsyang/buck/src/com/facebook/buck/python/make_pex.py, java.ext.dirs=/Users/dsyang/Library/Java/Extensions:/Library/Java/JavaVirtualMachines/jdk1.8.0_131.jdk/Contents/Home/jre/lib/ext:/Library/Java/Extensions:/Network/Library/Java/Extensions:/System/Library/Java/Extensions:/usr/lib/java, java.util.logging.config.class=com.facebook.buck.cli.bootstrapper.LogConfig, user.dir=/Users/dsyang/Sandbox/kotlin-koans, line.separator=
, java.vm.name=Java HotSpot(TM) 64-Bit Server VM, buck.path_to_typing=/Users/dsyang/buck/third-party/py/typing/python2, buck.native_exopackage_fake_path=/Users/dsyang/buck/assets/android/native-exopackage-fakes.apk, file.encoding=UTF-8, java.specification.version=1.8}
[2017-05-19 22:21:30.769][debug][command:null][tid:15][com.facebook.buck.config.Configs] Loading configuration for /Users/dsyang/Sandbox/kotlin-koans
[2017-05-19 22:21:30.797][debug][command:null][tid:15][com.facebook.buck.config.Configs] Loaded a configuration file /etc/buckconfig.d/parser: {parser={python_interpreter=/opt/homebrew/opt/python27/bin/python2.7, python_path=/opt/facebook/hg/lib/python2.7/site-packages/}}
[2017-05-19 22:21:30.799][debug][command:null][tid:15][com.facebook.buck.config.Configs] Loaded a configuration file /Users/dsyang/.buckconfig.d/experiments: {experiments={upload_build_traces=true}}
[2017-05-19 22:21:30.799][debug][command:null][tid:15][com.facebook.buck.config.Configs] Loaded a configuration file /Users/dsyang/Sandbox/kotlin-koans/.buckconfig: {}
[2017-05-19 22:21:30.800][debug][command:null][tid:15][com.facebook.buck.config.Configs] Adding configuration overrides RawConfig{values={}}
[2017-05-19 22:21:30.946][info ][command:null][tid:15][com.facebook.buck.io.Watchman] Creating for: [/Users/dsyang/Sandbox/kotlin-koans]
[2017-05-19 22:21:30.967][debug][command:null][tid:15][com.facebook.buck.io.ExecutableFinder] Executable 'watchman' mapped to 'Optional[/usr/local/bin/watchman]'
[2017-05-19 22:21:30.970][debug][command:null][tid:15][com.facebook.buck.util.ListeningProcessExecutor] Launching process with params ProcessExecutorParams{command=[/usr/local/bin/watchman, --output-encoding=bser, get-sockname]}
[2017-05-19 22:21:31.011][debug][command:null][tid:15][com.facebook.buck.util.ListeningProcessExecutor] Successfully launched process com.zaxxer.nuprocess.osx.OsxProcess@1b74bbca
[2017-05-19 22:21:31.011][debug][command:null][tid:15][com.facebook.buck.util.ListeningProcessExecutor] Waiting for process com.facebook.buck.util.ListeningProcessExecutor$LaunchedProcessImpl@12293670 timeout 1000000000 NANOSECONDS
[2017-05-19 22:21:31.018][debug][command:null][tid:15][com.facebook.buck.util.ListeningProcessExecutor] Wait for process returned 0
[2017-05-19 22:21:31.018][debug][command:null][tid:15][com.facebook.buck.io.Watchman] Waited 6 ms for Watchman command get-sockname, exit code 0
[2017-05-19 22:21:31.025][debug][command:null][tid:15][com.facebook.buck.io.Watchman] stdout of command: {sockname=/opt/facebook/watchman/var/run/watchman/dsyang-state/sock, version=4.9.0}
[2017-05-19 22:21:31.026][info ][command:null][tid:15][com.facebook.buck.io.Watchman] Connecting to Watchman version 4.9.0 at /opt/facebook/watchman/var/run/watchman/dsyang-state/sock
[2017-05-19 22:21:31.036][debug][command:null][tid:15][com.facebook.buck.io.Watchman] Connected to Watchman
[2017-05-19 22:21:31.039][debug][command:null][tid:24][com.facebook.buck.io.WatchmanTransportClient] Sending query: [version, {required=[cmd-watch-project], optional=[term-dirname, cmd-watch-project, wildmatch, wildmatch_multislash, glob_generator, clock-sync-timeout]}]
[2017-05-19 22:21:31.041][debug][command:null][tid:15][com.facebook.buck.io.WatchmanTransportClient] Query [version, {required=[cmd-watch-project], optional=[term-dirname, cmd-watch-project, wildmatch, wildmatch_multislash, glob_generator, clock-sync-timeout]}] returned in 2 ms
[2017-05-19 22:21:31.042][info ][command:null][tid:15][com.facebook.buck.io.Watchman] Took 5 ms to query capabilities {term-dirname=DIRNAME, cmd-watch-project=SUPPORTS_PROJECT_WATCH, wildmatch=WILDMATCH_GLOB, wildmatch_multislash=WILDMATCH_MULTISLASH, glob_generator=GLOB_GENERATOR, clock-sync-timeout=CLOCK_SYNC_TIMEOUT}
[2017-05-19 22:21:31.042][debug][command:null][tid:15][com.facebook.buck.io.Watchman] Got capabilities response: {clock-sync-timeout=true, glob_generator=true, wildmatch_multislash=false, cmd-watch-project=true, wildmatch=true, term-dirname=true}
[2017-05-19 22:21:31.043][debug][command:null][tid:15][com.facebook.buck.io.Watchman] Got Watchman capabilities: [CLOCK_SYNC_TIMEOUT, GLOB_GENERATOR, SUPPORTS_PROJECT_WATCH, WILDMATCH_GLOB, DIRNAME]
[2017-05-19 22:21:31.043][info ][command:null][tid:15][com.facebook.buck.io.Watchman] Adding watchman root: /Users/dsyang/Sandbox/kotlin-koans
[2017-05-19 22:21:31.043][debug][command:null][tid:24][com.facebook.buck.io.WatchmanTransportClient] Sending query: [watch-project, /Users/dsyang/Sandbox/kotlin-koans]
[2017-05-19 22:21:31.044][debug][command:null][tid:15][com.facebook.buck.io.WatchmanTransportClient] Query [watch-project, /Users/dsyang/Sandbox/kotlin-koans] returned in 1 ms
[2017-05-19 22:21:31.045][debug][command:null][tid:24][com.facebook.buck.io.WatchmanTransportClient] Sending query: [watch-project, /Users/dsyang/Sandbox/kotlin-koans]
[2017-05-19 22:21:31.045][debug][command:null][tid:15][com.facebook.buck.io.WatchmanTransportClient] Query [watch-project, /Users/dsyang/Sandbox/kotlin-koans] returned in 0 ms
[2017-05-19 22:21:31.045][info ][command:null][tid:15][com.facebook.buck.io.Watchman] Took 2 ms to add root /Users/dsyang/Sandbox/kotlin-koans
[2017-05-19 22:21:31.045][warn ][command:null][tid:15][com.facebook.buck.io.Watchman] Error in watchman output: resolve_projpath: none of the files listed in global config root_files are present in path `/Users/dsyang/Sandbox/kotlin-koans` or any of its parent directories
[2017-05-19 22:21:31.046][debug][command:null][tid:15][com.facebook.buck.io.WatchmanTransportClient] Closing Watchman transport.
[2017-05-19 22:21:31.046][debug][command:null][tid:15][com.facebook.buck.cli.Main] Watchman capabilities: [] Project watches: {} Glob handler config: PYTHON Query timeout ms config: Optional.empty
[2017-05-19 22:21:31.060][debug][command:null][tid:25][com.facebook.buck.io.AsynchronousDirectoryContentsCleaner] Starting to clean buck-out/.trash
[2017-05-19 22:21:31.066][debug][command:null][tid:25][com.facebook.buck.io.AsynchronousDirectoryContentsCleaner] Done cleaning buck-out/.trash
